2023-06-09T03:45:29.816Z: ผู้ใช้งาน admin ได้เข้าสู่ระบบ 
2023-06-09T06:07:14.152Z: เกิดข้อผิดพลาด ReferenceError: logMessage is not defined ในการเข้าสู่ระบบ 
2023-06-09T06:07:49.873Z: ผู้ใช้งาน admin ได้เข้าสู่ระบบ 
2023-06-09T06:09:34.238Z: ผู้ใช้งาน admin ได้เข้าสู่ระบบ 
2023-06-09T06:09:40.074Z: มีการพยายามเข้าสู่ระบบด้วยชื่อผู้ใช้งาน admin ได้เข้าสู่ระบบ 
2023-06-12T04:03:47.884Z: ผู้ใช้งาน admin ได้เข้าสู่ระบบ 
2023-06-12T07:13:04.629Z: ผู้ใช้งาน user ได้เข้าสู่ระบบ 
2023-06-12T08:07:58.869Z: ผู้ใช้งาน admin ได้เข้าสู่ระบบ 
2023-06-12T08:31:31.693Z: มีการพยายามเข้าสู่ระบบด้วยชื่อผู้ใช้งาน admin ได้เข้าสู่ระบบ 
2023-06-12T08:31:35.629Z: ผู้ใช้งาน admin ได้เข้าสู่ระบบ 
2023-06-12T08:31:48.504Z: ผู้ใช้งาน user ได้เข้าสู่ระบบ 
2023-06-13T01:49:58.041Z: ผู้ใช้งาน admin ได้เข้าสู่ระบบ 
2023-06-13T02:41:27.475Z: ผู้ใช้งาน user ได้เข้าสู่ระบบ 
2023-06-13T03:33:07.378Z: ผู้ใช้งาน admin ได้เข้าสู่ระบบ 
2023-06-13T03:40:22.353Z: ผู้ใช้งาน user ได้เข้าสู่ระบบ 
2023-06-13T03:41:36.907Z: ผู้ใช้งาน admin ได้เข้าสู่ระบบ 
2023-06-13T03:42:42.706Z: ผู้ใช้งาน user ได้เข้าสู่ระบบ 
2023-06-13T03:45:04.492Z: ผู้ใช้งาน admin ได้เข้าสู่ระบบ 
2023-06-13T03:53:46.646Z: ผู้ใช้งาน user ได้เข้าสู่ระบบ 
2023-06-13T03:53:54.730Z: ผู้ใช้งาน user ได้เข้าสู่ระบบ 
2023-06-13T03:54:17.147Z: ผู้ใช้งาน admin ได้เข้าสู่ระบบ 
2023-06-13T03:55:19.699Z: ผู้ใช้งาน admin ได้เข้าสู่ระบบ 
2023-06-13T03:55:27.682Z: ผู้ใช้งาน admin ได้เข้าสู่ระบบ 
2023-06-13T03:56:33.616Z: ผู้ใช้งาน user ได้เข้าสู่ระบบ 
2023-06-13T03:57:02.156Z: ผู้ใช้งาน user ได้เข้าสู่ระบบ 
2023-06-13T03:57:09.631Z: ผู้ใช้งาน admin ได้เข้าสู่ระบบ 
2023-06-13T03:57:16.066Z: ผู้ใช้งาน user ได้เข้าสู่ระบบ 
2023-06-13T04:06:03.542Z: ผู้ใช้งาน admin ได้เข้าสู่ระบบ 
2023-06-13T04:06:03.546Z: ผู้ใช้งาน admin ได้เข้าสู่ระบบ 
2023-06-13T04:06:03.550Z: ผู้ใช้งาน admin ได้เข้าสู่ระบบ 
2023-06-13T04:06:03.556Z: ผู้ใช้งาน admin ได้เข้าสู่ระบบ 
2023-06-13T04:06:03.575Z: ผู้ใช้งาน admin ได้เข้าสู่ระบบ 
2023-06-13T04:06:03.578Z: ผู้ใช้งาน admin ได้เข้าสู่ระบบ 
2023-06-13T04:06:03.581Z: ผู้ใช้งาน admin ได้เข้าสู่ระบบ 
2023-06-13T04:06:03.583Z: ผู้ใช้งาน admin ได้เข้าสู่ระบบ 
2023-06-13T04:06:03.603Z: ผู้ใช้งาน admin ได้เข้าสู่ระบบ 
2023-06-13T04:06:03.611Z: ผู้ใช้งาน admin ได้เข้าสู่ระบบ 
2023-06-13T04:06:03.614Z: ผู้ใช้งาน admin ได้เข้าสู่ระบบ 
2023-06-13T04:06:03.617Z: ผู้ใช้งาน admin ได้เข้าสู่ระบบ 
2023-06-13T04:06:03.632Z: ผู้ใช้งาน admin ได้เข้าสู่ระบบ 
2023-06-13T04:06:18.373Z: ผู้ใช้งาน user ได้เข้าสู่ระบบ 
2023-06-13T04:06:39.489Z: มีการพยายามเข้าสู่ระบบด้วยชื่อผู้ใช้งาน user ได้เข้าสู่ระบบ 
2023-06-13T04:06:43.689Z: ผู้ใช้งาน user ได้เข้าสู่ระบบ 
2023-06-13T04:06:51.236Z: ผู้ใช้งาน admin ได้เข้าสู่ระบบ 
2023-06-13T04:07:59.698Z: ผู้ใช้งาน user ได้เข้าสู่ระบบ 
2023-06-13T04:08:07.883Z: ผู้ใช้งาน admin ได้เข้าสู่ระบบ 
2023-06-13T04:09:02.111Z: มีการพยายามเข้าสู่ระบบด้วยชื่อผู้ใช้งาน user ได้เข้าสู่ระบบ 
2023-06-13T04:09:06.519Z: ผู้ใช้งาน user ได้เข้าสู่ระบบ 
2023-06-13T04:09:16.878Z: ผู้ใช้งาน user ได้เข้าสู่ระบบ 
2023-06-13T04:09:27.000Z: ผู้ใช้งาน admin ได้เข้าสู่ระบบ 
2023-06-13T04:10:55.037Z: ผู้ใช้งาน admin ได้เข้าสู่ระบบ 
2023-06-13T04:11:02.869Z: ผู้ใช้งาน test ได้เข้าสู่ระบบ 
2023-06-13T04:11:20.552Z: ผู้ใช้งาน test ได้เข้าสู่ระบบ 
2023-06-13T04:11:26.127Z: ผู้ใช้งาน test ได้เข้าสู่ระบบ 
2023-06-13T04:15:02.839Z: ผู้ใช้งาน test ได้เข้าสู่ระบบ 
2023-06-13T04:15:02.846Z: ผู้ใช้งาน test ได้เข้าสู่ระบบ 
2023-06-13T04:15:02.857Z: ผู้ใช้งาน test ได้เข้าสู่ระบบ 
2023-06-13T04:15:02.867Z: ผู้ใช้งาน test ได้เข้าสู่ระบบ 
2023-06-13T04:15:02.876Z: ผู้ใช้งาน test ได้เข้าสู่ระบบ 
2023-06-13T04:15:02.902Z: ผู้ใช้งาน test ได้เข้าสู่ระบบ 
2023-06-13T04:15:02.914Z: ผู้ใช้งาน test ได้เข้าสู่ระบบ 
2023-06-13T04:15:02.926Z: ผู้ใช้งาน test ได้เข้าสู่ระบบ 
2023-06-13T04:15:02.933Z: ผู้ใช้งาน test ได้เข้าสู่ระบบ 
2023-06-13T04:15:02.942Z: ผู้ใช้งาน test ได้เข้าสู่ระบบ 
2023-06-13T04:15:02.969Z: ผู้ใช้งาน test ได้เข้าสู่ระบบ 
2023-06-13T04:15:02.984Z: ผู้ใช้งาน test ได้เข้าสู่ระบบ 
2023-06-13T04:15:02.991Z: ผู้ใช้งาน test ได้เข้าสู่ระบบ 
2023-06-13T04:15:02.993Z: ผู้ใช้งาน admin ได้เข้าสู่ระบบ 
2023-06-13T04:15:02.997Z: ผู้ใช้งาน admin ได้เข้าสู่ระบบ 
2023-06-13T04:15:03.020Z: ผู้ใช้งาน admin ได้เข้าสู่ระบบ 
2023-06-13T04:15:03.040Z: ผู้ใช้งาน admin ได้เข้าสู่ระบบ 
2023-06-13T04:15:03.044Z: ผู้ใช้งาน admin ได้เข้าสู่ระบบ 
2023-06-13T04:15:03.051Z: ผู้ใช้งาน admin ได้เข้าสู่ระบบ 
2023-06-13T04:15:03.068Z: ผู้ใช้งาน admin ได้เข้าสู่ระบบ 
2023-06-13T04:15:03.084Z: ผู้ใช้งาน admin ได้เข้าสู่ระบบ 
2023-06-13T04:15:15.410Z: ผู้ใช้งาน user ได้เข้าสู่ระบบ 
2023-06-13T04:15:15.418Z: ผู้ใช้งาน user ได้เข้าสู่ระบบ 
2023-06-13T04:15:15.454Z: ผู้ใช้งาน user ได้เข้าสู่ระบบ 
2023-06-13T04:15:15.466Z: ผู้ใช้งาน user ได้เข้าสู่ระบบ 
2023-06-13T04:15:21.932Z: ผู้ใช้งาน admin ได้เข้าสู่ระบบ 
2023-06-13T04:15:41.155Z: ผู้ใช้งาน admin ได้เข้าสู่ระบบ 
2023-06-13T04:16:09.319Z: ผู้ใช้งาน user ได้เข้าสู่ระบบ 
2023-06-13T04:16:41.080Z: ผู้ใช้งาน user ได้เข้าสู่ระบบ 
2023-06-13T04:27:46.161Z: มีการพยายามเข้าสู่ระบบด้วยชื่อผู้ใช้งาน admin ได้เข้าสู่ระบบ 
2023-06-13T04:27:47.325Z: มีการพยายามเข้าสู่ระบบด้วยชื่อผู้ใช้งาน admin ได้เข้าสู่ระบบ 
2023-06-15T01:42:47.205Z: มีการพยายามเข้าสู่ระบบด้วยชื่อผู้ใช้งาน admin ได้เข้าสู่ระบบ 
2023-06-16T06:43:27.655Z: มีการพยายามเข้าสู่ระบบด้วยชื่อผู้ใช้งาน ีหำพ ได้เข้าสู่ระบบ 
2023-06-16T06:43:37.142Z: มีการพยายามเข้าสู่ระบบด้วยชื่อผู้ใช้งาน ี ได้เข้าสู่ระบบ 
2023-06-16T06:43:38.236Z: มีการพยายามเข้าสู่ระบบด้วยชื่อผู้ใช้งาน ี ได้เข้าสู่ระบบ 
2023-06-16T06:43:38.726Z: มีการพยายามเข้าสู่ระบบด้วยชื่อผู้ใช้งาน ี ได้เข้าสู่ระบบ 
2023-06-16T06:43:38.897Z: มีการพยายามเข้าสู่ระบบด้วยชื่อผู้ใช้งาน ี ได้เข้าสู่ระบบ 
2023-06-16T06:43:39.069Z: มีการพยายามเข้าสู่ระบบด้วยชื่อผู้ใช้งาน ี ได้เข้าสู่ระบบ 
2023-06-16T06:43:39.217Z: มีการพยายามเข้าสู่ระบบด้วยชื่อผู้ใช้งาน ี ได้เข้าสู่ระบบ 
2023-06-16T06:43:39.363Z: มีการพยายามเข้าสู่ระบบด้วยชื่อผู้ใช้งาน ี ได้เข้าสู่ระบบ 
2023-06-16T06:43:39.514Z: มีการพยายามเข้าสู่ระบบด้วยชื่อผู้ใช้งาน ี ได้เข้าสู่ระบบ 
2023-06-16T06:43:39.674Z: มีการพยายามเข้าสู่ระบบด้วยชื่อผู้ใช้งาน ี ได้เข้าสู่ระบบ 
2023-06-16T06:43:39.816Z: มีการพยายามเข้าสู่ระบบด้วยชื่อผู้ใช้งาน ี ได้เข้าสู่ระบบ 
2023-06-16T06:43:39.959Z: มีการพยายามเข้าสู่ระบบด้วยชื่อผู้ใช้งาน ี ได้เข้าสู่ระบบ 
2023-06-16T06:43:40.102Z: มีการพยายามเข้าสู่ระบบด้วยชื่อผู้ใช้งาน ี ได้เข้าสู่ระบบ 
2023-06-16T06:43:40.257Z: มีการพยายามเข้าสู่ระบบด้วยชื่อผู้ใช้งาน ี ได้เข้าสู่ระบบ 
2023-06-16T06:43:40.392Z: มีการพยายามเข้าสู่ระบบด้วยชื่อผู้ใช้งาน ี ได้เข้าสู่ระบบ 
2023-06-16T06:43:42.328Z: มีการพยายามเข้าสู่ระบบด้วยชื่อผู้ใช้งาน ี ได้เข้าสู่ระบบ 
2023-06-16T06:43:42.891Z: มีการพยายามเข้าสู่ระบบด้วยชื่อผู้ใช้งาน ี ได้เข้าสู่ระบบ 
2023-06-16T06:43:46.463Z: มีการพยายามเข้าสู่ระบบด้วยชื่อผู้ใช้งาน ี ได้เข้าสู่ระบบ 
2023-06-16T06:43:47.760Z: มีการพยายามเข้าสู่ระบบด้วยชื่อผู้ใช้งาน ี ได้เข้าสู่ระบบ 
2023-06-16T06:43:49.151Z: มีการพยายามเข้าสู่ระบบด้วยชื่อผู้ใช้งาน ี ได้เข้าสู่ระบบ 
2023-06-16T06:43:50.186Z: มีการพยายามเข้าสู่ระบบด้วยชื่อผู้ใช้งาน ี ได้เข้าสู่ระบบ 
2023-06-16T06:43:51.267Z: มีการพยายามเข้าสู่ระบบด้วยชื่อผู้ใช้งาน ี ได้เข้าสู่ระบบ 
2023-06-16T06:43:53.769Z: มีการพยายามเข้าสู่ระบบด้วยชื่อผู้ใช้งาน ี ได้เข้าสู่ระบบ 
2023-06-16T06:43:55.614Z: มีการพยายามเข้าสู่ระบบด้วยชื่อผู้ใช้งาน ี ได้เข้าสู่ระบบ 
2023-06-16T06:43:56.834Z: มีการพยายามเข้าสู่ระบบด้วยชื่อผู้ใช้งาน ี ได้เข้าสู่ระบบ 
2023-06-16T06:44:00.791Z: มีการพยายามเข้าสู่ระบบด้วยชื่อผู้ใช้งาน ี ได้เข้าสู่ระบบ 
2023-06-16T06:44:01.462Z: มีการพยายามเข้าสู่ระบบด้วยชื่อผู้ใช้งาน ี ได้เข้าสู่ระบบ 
2023-06-16T06:44:01.594Z: มีการพยายามเข้าสู่ระบบด้วยชื่อผู้ใช้งาน ี ได้เข้าสู่ระบบ 
2023-06-16T06:44:01.752Z: มีการพยายามเข้าสู่ระบบด้วยชื่อผู้ใช้งาน ี ได้เข้าสู่ระบบ 
2023-06-16T06:44:01.910Z: มีการพยายามเข้าสู่ระบบด้วยชื่อผู้ใช้งาน ี ได้เข้าสู่ระบบ 
2023-06-16T06:44:02.055Z: มีการพยายามเข้าสู่ระบบด้วยชื่อผู้ใช้งาน ี ได้เข้าสู่ระบบ 
2023-06-16T06:44:20.035Z: มีการพยายามเข้าสู่ระบบด้วยชื่อผู้ใช้งาน ฟกทรื ได้เข้าสู่ระบบ 
2023-06-16T06:44:20.761Z: มีการพยายามเข้าสู่ระบบด้วยชื่อผู้ใช้งาน ฟกทรื ได้เข้าสู่ระบบ 
2023-06-16T06:44:20.905Z: มีการพยายามเข้าสู่ระบบด้วยชื่อผู้ใช้งาน ฟกทรื ได้เข้าสู่ระบบ 
2023-06-16T06:44:21.054Z: มีการพยายามเข้าสู่ระบบด้วยชื่อผู้ใช้งาน ฟกทรื ได้เข้าสู่ระบบ 
2023-06-16T06:44:21.189Z: มีการพยายามเข้าสู่ระบบด้วยชื่อผู้ใช้งาน ฟกทรื ได้เข้าสู่ระบบ 
2023-06-16T06:53:06.985Z: เกิดข้อผิดพลาด InvalidCharacterError: Invalid character ในการเข้าสู่ระบบ 
2023-06-16T06:53:10.836Z: เกิดข้อผิดพลาด InvalidCharacterError: Invalid character ในการเข้าสู่ระบบ 
2023-06-16T06:53:11.753Z: เกิดข้อผิดพลาด InvalidCharacterError: Invalid character ในการเข้าสู่ระบบ 
2023-06-16T06:53:48.561Z: เกิดข้อผิดพลาด InvalidCharacterError: Invalid character ในการเข้าสู่ระบบ 
2023-06-16T06:53:49.695Z: เกิดข้อผิดพลาด InvalidCharacterError: Invalid character ในการเข้าสู่ระบบ 
2023-06-16T06:54:01.958Z: เกิดข้อผิดพลาด InvalidCharacterError: Invalid character ในการเข้าสู่ระบบ 
2023-06-16T06:54:04.391Z: เกิดข้อผิดพลาด InvalidCharacterError: Invalid character ในการเข้าสู่ระบบ 
2023-06-16T06:54:05.042Z: เกิดข้อผิดพลาด InvalidCharacterError: Invalid character ในการเข้าสู่ระบบ 
2023-06-16T06:54:05.674Z: เกิดข้อผิดพลาด InvalidCharacterError: Invalid character ในการเข้าสู่ระบบ 
2023-06-16T06:54:10.280Z: เกิดข้อผิดพลาด InvalidCharacterError: Invalid character ในการเข้าสู่ระบบ 
2023-06-16T06:54:22.546Z: เกิดข้อผิดพลาด InvalidCharacterError: Invalid character ในการเข้าสู่ระบบ 
2023-06-16T06:54:23.339Z: เกิดข้อผิดพลาด InvalidCharacterError: Invalid character ในการเข้าสู่ระบบ 
2023-06-16T06:54:23.514Z: เกิดข้อผิดพลาด InvalidCharacterError: Invalid character ในการเข้าสู่ระบบ 
2023-06-16T06:54:23.649Z: เกิดข้อผิดพลาด InvalidCharacterError: Invalid character ในการเข้าสู่ระบบ 
2023-06-16T06:54:23.814Z: เกิดข้อผิดพลาด InvalidCharacterError: Invalid character ในการเข้าสู่ระบบ 
2023-06-16T06:55:31.962Z: เกิดข้อผิดพลาด InvalidCharacterError: Invalid character ในการเข้าสู่ระบบ 
2023-06-16T06:55:32.855Z: เกิดข้อผิดพลาด InvalidCharacterError: Invalid character ในการเข้าสู่ระบบ 
2023-06-16T06:55:32.998Z: เกิดข้อผิดพลาด InvalidCharacterError: Invalid character ในการเข้าสู่ระบบ 
2023-06-16T06:55:33.151Z: เกิดข้อผิดพลาด InvalidCharacterError: Invalid character ในการเข้าสู่ระบบ 
2023-06-16T07:07:34.480Z: มีการพยายามเข้าสู่ระบบด้วยชื่อผู้ใช้งาน admin ได้เข้าสู่ระบบ 
2023-06-20T07:39:28.736Z: มีการพยายามเข้าสู่ระบบด้วยชื่อผู้ใช้งาน admin ได้เข้าสู่ระบบ 
2023-06-21T06:03:22.053Z: เกิดข้อผิดพลาด InvalidCharacterError: Invalid character ในการเข้าสู่ระบบ 
2023-06-27T02:01:45.217Z: มีการพยายามเข้าสู่ระบบด้วยชื่อผู้ใช้งาน user ได้เข้าสู่ระบบ 
2023-06-29T08:55:34.324Z: มีการพยายามเข้าสู่ระบบด้วยชื่อผู้ใช้งาน admin ได้เข้าสู่ระบบ 
2023-07-06T03:05:34.000Z: มีการพยายามเข้าสู่ระบบด้วยชื่อผู้ใช้งาน managre ได้เข้าสู่ระบบ 
2023-11-09T04:20:11.241Z: เกิดข้อผิดพลาด ReferenceError: sql is not defined ในการเข้าสู่ระบบ 
2023-11-09T04:20:12.715Z: เกิดข้อผิดพลาด ReferenceError: sql is not defined ในการเข้าสู่ระบบ 
2023-11-09T04:20:19.984Z: เกิดข้อผิดพลาด ReferenceError: sql is not defined ในการเข้าสู่ระบบ 
2023-11-09T04:20:24.138Z: เกิดข้อผิดพลาด ReferenceError: sql is not defined ในการเข้าสู่ระบบ 
2023-11-09T04:21:12.357Z: เกิดข้อผิดพลาด ReferenceError: sql is not defined ในการเข้าสู่ระบบ 
2023-11-09T04:22:56.982Z: เกิดข้อผิดพลาด ReferenceError: sql is not defined ในการเข้าสู่ระบบ 
2023-11-09T04:22:57.867Z: เกิดข้อผิดพลาด ReferenceError: sql is not defined ในการเข้าสู่ระบบ 
2023-11-09T04:24:03.943Z: เกิดข้อผิดพลาด ReferenceError: sql is not defined ในการเข้าสู่ระบบ 
2023-11-09T04:24:05.010Z: เกิดข้อผิดพลาด ReferenceError: sql is not defined ในการเข้าสู่ระบบ 
2023-11-09T04:24:06.931Z: เกิดข้อผิดพลาด ReferenceError: sql is not defined ในการเข้าสู่ระบบ 
2023-11-09T04:24:08.065Z: เกิดข้อผิดพลาด ReferenceError: sql is not defined ในการเข้าสู่ระบบ 
2023-11-09T04:24:09.165Z: เกิดข้อผิดพลาด ReferenceError: sql is not defined ในการเข้าสู่ระบบ 
2023-11-09T04:24:55.263Z: Attempted login with username test failed 
2023-11-09T04:24:56.173Z: Attempted login with username test failed 
2023-11-09T04:24:56.857Z: Attempted login with username test failed 
2023-11-09T06:13:00.692Z: เกิดข้อผิดพลาด ReferenceError: sql is not defined ในการเข้าสู่ระบบ 
2023-11-09T06:13:00.694Z: เกิดข้อผิดพลาด ReferenceError: sql is not defined ในการเข้าสู่ระบบ 
2023-11-09T06:13:00.706Z: เกิดข้อผิดพลาด ReferenceError: sql is not defined ในการเข้าสู่ระบบ 
2023-11-09T06:13:00.716Z: เกิดข้อผิดพลาด ReferenceError: sql is not defined ในการเข้าสู่ระบบ 
2023-11-09T06:13:00.730Z: เกิดข้อผิดพลาด ReferenceError: sql is not defined ในการเข้าสู่ระบบ 
2023-11-09T06:13:00.734Z: เกิดข้อผิดพลาด ReferenceError: sql is not defined ในการเข้าสู่ระบบ 
